proguard/seeds.txt
com.beikbank.android.R$anim
com.beikbank.android.R$anim: int ani_in
com.beikbank.android.R$anim: int ani_out
com.beikbank.android.R$anim: int bar_hide_from_bottom
com.beikbank.android.R$anim: int in_from_right
com.beikbank.android.R$anim: int out_to_left
com.beikbank.android.R$attr
com.beikbank.android.R$attr: int adapterViewBackground
com.beikbank.android.R$attr: int arrowGreenUp
com.beikbank.android.R$attr: int arrowRedUp
com.beikbank.android.R$attr: int aspect
com.beikbank.android.R$attr: int behindOffset
com.beikbank.android.R$attr: int behindScrollScale
com.beikbank.android.R$attr: int behindWidth
com.beikbank.android.R$attr: int btnNormal
com.beikbank.android.R$attr: int btnTouched
com.beikbank.android.R$attr: int circleGreen
com.beikbank.android.R$attr: int circleNormal
com.beikbank.android.R$attr: int circleRed
com.beikbank.android.R$attr: int effect
com.beikbank.android.R$attr: int fadeDegree
com.beikbank.android.R$attr: int fadeEnabled
com.beikbank.android.R$attr: int headerBackground
com.beikbank.android.R$attr: int headerTextColor
com.beikbank.android.R$attr: int line
com.beikbank.android.R$attr: int marginLeft
com.beikbank.android.R$attr: int marginRight
com.beikbank.android.R$attr: int max
com.beikbank.android.R$attr: int max_velocity
com.beikbank.android.R$attr: int mode
com.beikbank.android.R$attr: int mode1
com.beikbank.android.R$attr: int numberProgressBarStyle
com.beikbank.android.R$attr: int only_animate_fling
com.beikbank.android.R$attr: int only_animate_new_items
com.beikbank.android.R$attr: int orientation
com.beikbank.android.R$attr: int paddingLeft
com.beikbank.android.R$attr: int paddingRight
com.beikbank.android.R$attr: int progress
com.beikbank.android.R$color
com.beikbank.android.R$color: int alpha_white
com.beikbank.android.R$color: int bg_color
com.beikbank.android.R$color: int bg_color_deep
com.beikbank.android.R$color: int black
com.beikbank.android.R$color: int black1
com.beikbank.android.R$color: int blue
com.beikbank.android.R$color: int buy_info1
com.beikbank.android.R$color: int buy_info2
com.beikbank.android.R$color: int buy_info3
com.beikbank.android.R$color: int buy_info4
com.beikbank.android.R$color: int color_hei_8
com.beikbank.android.R$color: int count_shouyi_1
com.beikbank.android.R$color: int count_shouyi_2
com.beikbank.android.R$color: int count_shouyi_3
com.beikbank.android.R$color: int count_shouyi_4
com.beikbank.android.R$color: int count_shouyi_5
com.beikbank.android.R$color: int dark_blue
com.beikbank.android.R$color: int dialog_bg
com.beikbank.android.R$color: int dialog_line
com.beikbank.android.R$color: int dialog_text1
com.beikbank.android.R$color: int dialog_text2
com.beikbank.android.R$color: int dialog_text3
com.beikbank.android.R$color: int dialog_text4
com.beikbank.android.R$color: int dialog_text5
com.beikbank.android.R$color: int dingdan1
com.beikbank.android.R$color: int dingdan2
com.beikbank.android.R$color: int dingdan3
com.beikbank.android.R$color: int dingqi1
com.beikbank.android.R$color: int dingqi2
com.beikbank.android.R$color: int dingqi3
com.beikbank.android.R$color: int divider_color
com.beikbank.android.R$color: int doing1
...
com.umeng.message.UmengMessageHandler
com.umeng.message.UmengMessageHandler: int a
com.umeng.message.UmengMessageHandler: java.lang.String b
com.umeng.message.UmengMessageHandler: java.util.Date c
com.umeng.message.UmengMessageHandler: java.lang.String d
com.umeng.message.UmengMessageHandler: com.umeng.message.entity.UMessage e
com.umeng.message.UmengMessageHandler: java.lang.String f
com.umeng.message.UmengMessageHandler: java.lang.String g
com.umeng.message.UmengMessageHandler: java.lang.String h
com.umeng.message.UmengMessageHandler: UmengMessageHandler()
com.umeng.message.UmengMessageHandler: void setPrevMessage(com.umeng.message.entity.UMessage)
com.umeng.message.UmengMessageHandler: void handleMessage(android.content.Context,com.umeng.message.entity.UMessage)
com.umeng.message.UmengMessageHandler: void dealWithNotificationMessage(android.content.Context,com.umeng.message.entity.UMessage)
com.umeng.message.UmengMessageHandler: void a(android.content.Context,android.app.Notification,boolean,com.umeng.message.entity.UMessage)
com.umeng.message.UmengMessageHandler: void a(android.content.Context)
com.umeng.message.UmengMessageHandler: void dealWithCustomMessage(android.content.Context,com.umeng.message.entity.UMessage)
com.umeng.message.UmengMessageHandler: android.app.PendingIntent getClickPendingIntent(android.content.Context,com.umeng.message.entity.UMessage)
com.umeng.message.UmengMessageHandler$1
com.umeng.message.UmengMessageHandler$1: android.os.PowerManager a
com.umeng.message.UmengMessageHandler$1: com.umeng.message.UmengMessageHandler b
com.umeng.message.UmengMessageHandler$1: UmengMessageHandler$1(com.umeng.message.UmengMessageHandler,android.os.PowerManager)
com.umeng.message.UmengMessageHandler$1: boolean a()
com.umeng.message.UmengNotificationClickHandler
com.umeng.message.UmengNotificationClickHandler: java.lang.String a
com.umeng.message.UmengNotificationClickHandler: UmengNotificationClickHandler()
com.umeng.message.UmengNotificationClickHandler: void handleMessage(android.content.Context,com.umeng.message.entity.UMessage)
com.umeng.message.UmengNotificationClickHandler: void openUrl(android.content.Context,com.umeng.message.entity.UMessage)
com.umeng.message.UmengNotificationClickHandler: void openActivity(android.content.Context,com.umeng.message.entity.UMessage)
com.umeng.message.UmengNotificationClickHandler: void launchApp(android.content.Context,com.umeng.message.entity.UMessage)
com.umeng.message.UmengNotificationClickHandler: void dealWithCustomAction(android.content.Context,com.umeng.message.entity.UMessage)
com.umeng.message.UmengNotificationClickHandler: android.content.Intent a(android.content.Intent,com.umeng.message.entity.UMessage)
com.umeng.message.UmengNotificationClickHandler: void <clinit>()
com.umeng.message.UmengRegistrar
com.umeng.message.UmengRegistrar: java.lang.String a
com.umeng.message.UmengRegistrar: java.lang.String b
com.umeng.message.UmengRegistrar: UmengRegistrar()
com.umeng.message.UmengRegistrar: void checkManifest(android.content.Context)
com.umeng.message.UmengRegistrar: void register(android.content.Context,java.lang.String,java.lang.String)
com.umeng.message.UmengRegistrar: void a(android.content.Context,boolean)
com.umeng.message.UmengRegistrar: boolean isRegisteredToUmeng(android.content.Context)
com.umeng.message.UmengRegistrar: void registerToUmeng(android.content.Context)
com.umeng.message.UmengRegistrar: void checkRegisteredToUmeng(android.content.Context)
com.umeng.message.UmengRegistrar: void <clinit>()
com.umeng.message.UmengService
com.umeng.message.UmengService: UmengService()