proguard/mapping.txt
com.beikbank.android.R -> com.beikbank.android.R:
com.beikbank.android.R$anim -> com.beikbank.android.R$anim:
    int ani_in -> ani_in
    int ani_out -> ani_out
    int bar_hide_from_bottom -> bar_hide_from_bottom
    int in_from_right -> in_from_right
    int out_to_left -> out_to_left
com.beikbank.android.R$attr -> com.beikbank.android.R$attr:
    int adapterViewBackground -> adapterViewBackground
    int arrowGreenUp -> arrowGreenUp
    int arrowRedUp -> arrowRedUp
    int aspect -> aspect
    int behindOffset -> behindOffset
    int behindScrollScale -> behindScrollScale
    int behindWidth -> behindWidth
    int btnNormal -> btnNormal
    int btnTouched -> btnTouched
    int circleGreen -> circleGreen
    int circleNormal -> circleNormal
    int circleRed -> circleRed
    int effect -> effect
    int fadeDegree -> fadeDegree
    int fadeEnabled -> fadeEnabled
    int headerBackground -> headerBackground
    int headerTextColor -> headerTextColor
    int line -> line
    int marginLeft -> marginLeft
    int marginRight -> marginRight
    int max -> max
    int max_velocity -> max_velocity
    int mode -> mode
    int mode1 -> mode1
    int numberProgressBarStyle -> numberProgressBarStyle
    int only_animate_fling -> only_animate_fling
    int only_animate_new_items -> only_animate_new_items
    int orientation -> orientation
    int paddingLeft -> paddingLeft
    int paddingRight -> paddingRight
    int progress -> progress
    int progress_reached_bar_height -> progress_reached_bar_height
    int progress_reached_color -> progress_reached_color
    int progress_text_color -> progress_text_color
    int progress_text_offset -> progress_text_offset
    int progress_text_size -> progress_text_size
com.beikbank.android.R$color -> com.beikbank.android.R$color:
    int alpha_white -> alpha_white
    int bg_color -> bg_color
    int bg_color_deep -> bg_color_deep
    int black -> black
    int black1 -> black1
    int blue -> blue
    int buy_info1 -> buy_info1
    int buy_info2 -> buy_info2
    int buy_info3 -> buy_info3
    int buy_info4 -> buy_info4
    int color_hei_8 -> color_hei_8
    int count_shouyi_1 -> count_shouyi_1
    int count_shouyi_2 -> count_shouyi_2
    int count_shouyi_3 -> count_shouyi_3
    int count_shouyi_4 -> count_shouyi_4
    int count_shouyi_5 -> count_shouyi_5
    int dark_blue -> dark_blue
    int dialog_bg -> dialog_bg
    int dialog_line -> dialog_line
    int dialog_text1 -> dialog_text1
    int dialog_text2 -> dialog_text2
    int dialog_text3 -> dialog_text3
    int dialog_text4 -> dialog_text4
    int dialog_text5 -> dialog_text5
    int dingdan1 -> dingdan1
    int dingdan2 -> dingdan2
    int dingdan3 -> dingdan3
    int dingqi1 -> dingqi1
    int dingqi2 -> dingqi2
    int dingqi3 -> dingqi3
    int divider_color -> divider_color
    int doing1 -> doing1
    int doing2 -> doing2
    int fail1 -> fail1
    int fail2 -> fail2
    int gesture_background -> gesture_background
    int global_bg1 -> global_bg1
    int global_red_bg1 -> global_red_bg1
    int global_text1 -> global_text1
    int global_text2 -> global_text2
    int global_text3 -> global_text3
    int global_text4 -> global_text4
...
com.umeng.message.MessageStore -> com.umeng.message.MessageStore:
    android.content.Context a -> a
    android.database.sqlite.SQLiteDatabase b -> b
    com.umeng.message.MessageStore$MessageStoreHelper c -> c
    com.umeng.message.MessageStore instance -> instance
    java.lang.String d -> d
    java.lang.String e -> e
    int f -> f
    java.lang.String Id -> Id
    java.lang.String MsgId -> MsgId
    java.lang.String Json -> Json
    java.lang.String SdkVersion -> SdkVersion
    java.lang.String ArrivalTime -> ArrivalTime
    java.lang.String ActionType -> ActionType
    java.lang.String g -> g
    java.lang.String h -> h
    java.lang.String i -> i
    java.lang.String j -> j
    java.lang.String k -> k
    java.lang.String l -> l
    java.lang.String m -> m
    java.lang.String n -> n
    java.lang.String o -> o
    java.lang.String p -> p
    java.lang.String q -> q
    java.lang.String r -> r
    com.umeng.message.MessageStore getInstance(android.content.Context) -> getInstance
    boolean a(com.umeng.message.entity.UMessage) -> a
    boolean a(java.lang.String) -> a
    boolean b(java.lang.String) -> b
    boolean a(java.lang.String,int) -> a
com.umeng.message.MessageStore$MessageStoreHelper -> com.umeng.message.MessageStore$MessageStoreHelper:
    com.umeng.message.MessageStore a -> a
    void onCreate(android.database.sqlite.SQLiteDatabase) -> onCreate
    void onUpgrade(android.database.sqlite.SQLiteDatabase,int,int) -> onUpgrade
com.umeng.message.MsgConstant -> com.umeng.message.MsgConstant:
    java.lang.String e -> e
    java.lang.String f -> f
    java.lang.String LOG_ENDPOINT -> LOG_ENDPOINT
    java.lang.String REGISTER_ENDPOINT -> REGISTER_ENDPOINT
    java.lang.String TAG_ENDPOINT -> TAG_ENDPOINT
    java.lang.String ALIAS_ENDPOINT -> ALIAS_ENDPOINT
    java.lang.String DELETE_ALIAS_ENDPOINT -> DELETE_ALIAS_ENDPOINT
    java.lang.String LAUNCH_ENDPOINT -> LAUNCH_ENDPOINT
    java.lang.String g -> g
    java.lang.String SDK_VERSION -> SDK_VERSION
    java.lang.String PROTOCOL_VERSION -> PROTOCOL_VERSION
    java.lang.String DEFAULT_INTENT_SERVICE_CLASS_NAME -> DEFAULT_INTENT_SERVICE_CLASS_NAME
    java.lang.String PUSH_SHARED_PREFERENCES_FILE_NAME -> PUSH_SHARED_PREFERENCES_FILE_NAME
    java.lang.String KEY_LAUNCH_LOG_SENT_MARK -> KEY_LAUNCH_LOG_SENT_MARK
    java.lang.String KEY_ENEABLED -> KEY_ENEABLED
    java.lang.String KEY_NO_DISTURB_START_HOUR -> KEY_NO_DISTURB_START_HOUR
    java.lang.String KEY_NO_DISTURB_START_MINUTE -> KEY_NO_DISTURB_START_MINUTE
    java.lang.String KEY_NO_DISTURB_END_HOUR -> KEY_NO_DISTURB_END_HOUR
    java.lang.String KEY_NO_DISTURB_END_MINUTE -> KEY_NO_DISTURB_END_MINUTE
    java.lang.String KEY_PUSH_INTENT_SERVICE_CLASSNAME -> KEY_PUSH_INTENT_SERVICE_CLASSNAME
    java.lang.String KEY_MERGE_NOTIFICATION -> KEY_MERGE_NOTIFICATION
    java.lang.String KEY_UMENG_MESSAGE_APP_KEY -> KEY_UMENG_MESSAGE_APP_KEY