proguard/usage.txt
com.beikbank.android.BuildConfig
com.beikbank.android.R:
    10:10:public R()
com.beikbank.android.activity.AboutActivity$1:
    74:74:public void onListItemLongClick(int,java.lang.String)
com.beikbank.android.activity.AbstractTemplateActivity
com.beikbank.android.activity.ActionListActivity:
    com.beikbank.android.data.Action action
com.beikbank.android.activity.BankBindActivity:
    private android.widget.RelativeLayout relative_check
    private android.app.Dialog dialog
    private long money
    boolean isSetPayPasswd
    473:476:protected void startAimActivity(java.lang.Class)
com.beikbank.android.activity.BankBindActivity$5:
    223:223:public void onListItemLongClick(int,java.lang.String)
com.beikbank.android.activity.BankBindActivity$6:
    273:273:public void onListItemLongClick(int,java.lang.String)
com.beikbank.android.activity.BankBindActivity2:
    private android.widget.TextView textview_check
    private android.app.Dialog dialog2
    private android.app.Dialog dialog3
    private java.util.ArrayList items
    private java.lang.String id
    246:252:public void setButtonStatus()
    427:453:private void createDialog2()
com.beikbank.android.activity.BankBindActivity2$5
com.beikbank.android.activity.BankBindActivity2$6
com.beikbank.android.activity.BaseActivity1:
    public static final int debug_ok1
    public static final int debug_ok2
    public static final int debug_fail
com.beikbank.android.activity.DingdanHuoqiActivity:
    77:77:private void initData()
com.beikbank.android.activity.DingqiActivity:
    android.widget.TextView title
    android.widget.LinearLayout ll1
    27:30:private void init()
com.beikbank.android.activity.DingqiDetailActivity$textW
com.beikbank.android.activity.DingqiGouMaiConfirmActivity:
    private android.widget.TextView textview_purchase_single
    private android.widget.TextView textview_purchase_bank
    private android.app.Dialog dialog
    private android.widget.LinearLayout linear_credit_card_master
    private com.beikbank.android.data.PurchaseInfo purchaseInfo
    android.app.Dialog dialog4
    333:350:public void createDialog2()
com.beikbank.android.activity.DingqiGouMaiConfirmActivity$5
com.beikbank.android.activity.DingqiGoumaiActivity:
    225:228:protected void startAimActivity(java.lang.Class)
com.beikbank.android.activity.DingqiZhichanDetial:
    com.beikbank.android.adapter.ZhiChanAdapter za
    public static final java.lang.String index
com.beikbank.android.activity.FeedbackActivity:
    private static final int MAX_COUNT
    private android.app.Dialog dialog
    391:394:protected void startAimActivity(java.lang.Class)
com.beikbank.android.activity.FeedbackActivity$3:
    358:358:public void onListItemLongClick(int,java.lang.String)
com.beikbank.android.activity.ForgetPwdAnonymousActivity:
    private android.app.Dialog dialog
    191:194:protected void startAimActivity(java.lang.Class)
com.beikbank.android.activity.ForgetPwdRealnameActivity:
    private android.app.Dialog dialog
    235:238:protected void startAimActivity(java.lang.Class)
com.beikbank.android.activity.GesturePwdCreateActivity:
    private static final int ID_EMPTY_MESSAGE
    private static final java.lang.String KEY_UI_STAGE
    private static final java.lang.String KEY_PATTERN_CHOICE
com.beikbank.android.activity.GesturePwdGuideActivity2:
    private com.beikbank.android.gif.GifView gifview
com.beikbank.android.activity.GesturePwdLoginActivity:
    private android.app.Dialog dialog
com.beikbank.android.activity.GesturePwdOldActivity$2$1:
    150:150:public void onListItemLongClick(int,java.lang.String)
com.beikbank.android.activity.GesturePwdUnlockActivity$2$1:
    133:133:public void onListItemLongClick(int,java.lang.String)
com.beikbank.android.activity.GesturePwdUnlockActivity$3:
    216:216:public void onListItemLongClick(int,java.lang.String)
...
u.aly.cj:
    56:58:protected cj(u.aly.cg,java.lang.Object)
    60:66:protected cj(u.aly.cj)
    69:80:private static java.lang.Object a(java.lang.Object)
    85:89:private static java.util.Map a(java.util.Map)
    93:97:private static java.util.Set a(java.util.Set)
    101:105:private static java.util.List a(java.util.List)
    117:121:public java.lang.Object b(u.aly.cg)
    125:125:public java.lang.Object c(int)
    133:133:public boolean c(u.aly.cg)
    137:137:public boolean d(int)
    145:148:public void b(u.aly.cg,java.lang.Object)
    151:152:public void a(int,java.lang.Object)
    protected abstract void a(u.aly.cg,java.lang.Object)
    206:208:public final void b()
u.aly.cl:
    63:72:public static java.util.Map a(java.lang.Class)
u.aly.cm:
    47:52:public cm(byte,java.lang.String)
    55:55:public boolean a()
    59:59:public java.lang.String b()
    63:63:public boolean c()
    67:67:public boolean d()
    71:71:public boolean e()
u.aly.cp
u.aly.cr:
    protected static final int a
    protected static final int b
    85:86:public cr(u.aly.dm)
    95:105:public void a(u.aly.cw)
    107:107:public void a()
    140:142:public void a(u.aly.dc)
    144:144:public void g()
    210:221:public u.aly.cw h()
    225:225:public void i()
u.aly.cs:
    private static final byte h
    private static final byte i
    private static final byte j
    private static final byte k
    private static final int l
    152:153:public cs(u.aly.dm)
    170:174:public void a(u.aly.cw)
    266:267:public void a(u.aly.dc)
    353:353:public void a()
    356:356:public void g()
    473:485:public u.aly.cw h()
    701:701:public void i()
u.aly.cs$a:
    74:76:public cs$a(int)
u.aly.cs$b
u.aly.ct:
    46:46:public boolean a(u.aly.ct)
u.aly.cw
u.aly.cx
u.aly.cy:
    41:41:private cy()
    59:59:public u.aly.dm C()
    public abstract void a(u.aly.cw)
    public abstract void a()
    public abstract void a(u.aly.dc)
    public abstract void g()
    public abstract void a(byte)
    public abstract u.aly.cw h()
    public abstract void i()
u.aly.cz:
    private static final long h
    public static final int a
    public static final int b
    public static final int c
    public static final int d
    public static final int e
    public static final int f
    46:48:public cz(int)
    51:53:public cz(int,java.lang.String)
    60:62:public cz(int,java.lang.Throwable)
    65:66:public cz(java.lang.Throwable)
    69:70:public cz(java.lang.String,java.lang.Throwable)
    73:75:public cz(int,java.lang.String,java.lang.Throwable)
    78:78:public int a()
u.aly.d:
    46:47:public void a(long)
    104:104:public java.lang.String c()
u.aly.db:
    29:29:public db()
    49:50:public static void a(int)
    171:194:public static u.aly.da a(byte[],u.aly.da)
u.aly.de:
    41:42:public de(u.aly.dm)
u.aly.de$a
u.aly.df
u.aly.dk:
    52:54:public dk(java.io.InputStream)
    71:74:public dk(java.io.InputStream,java.io.OutputStream)
    83:83:public boolean a()
    89:89:public void b()
    95:111:public void c()
    150:158:public void d()
u.aly.dl:
    30:32:public dl(byte[])
    34:36:public dl(byte[],int,int)
    53:53:public void c()
    57:57:public boolean a()
    61:61:public void b()
u.aly.dm:
    public abstract boolean a()
    42:42:public boolean i()
    public abstract void b()
    public abstract void c()
    125:125:public void d()
u.aly.dn:
    private static final long g
    public static final int a
    public static final int b
    public static final int c
    public static final int d
    public static final int e
    64:65:public dn(java.lang.Throwable)
    68:69:public dn(java.lang.String,java.lang.Throwable)
    72:74:public dn(int,java.lang.String,java.lang.Throwable)
    77:77:public int a()
u.aly.do
u.aly.e:
    private static final java.lang.String a